<?xml version="1.0" encoding="utf-8"?><testsuites><testsuite name="pytest" errors="0" failures="1" skipped="0" tests="510" time="225.712" timestamp="2024-02-22T15:38:09.820436" hostname="88af1e2941a9"><testcase classname="myapp.tests.tests_group_view.GroupViewGetTransportTest" name="test_get_deleted_transport_at_group_level" file="myapp/tests/tests_group_view.py" line="70" time="107.427" /><testcase classname="myapp.tests.tests_settings_views.SettingsViewsTests" name="test_get_all_settings_views" file="myapp/tests/tests_settings_views.py" line="349" time="106.236" /><testcase classname="myapp.tests.tests_address_book.AddressBookTests" name="test_create_contact_with_accented_email" file="myapp/tests/tests_address_book.py" line="435" time="106.336" /><testcase classname="myapp.tests.tests_address_book.AddressBookTests" name="test_add_shipper_address_on_carrier_company_should_not_set_invoicing_address" file="myapp/tests/tests_address_book.py" line="1200" time="107.198" /><testcase classname="myapp.tests.tests_settings_views.SettingsViewsTests" name="test_get_or_create_all_settings_views" file="myapp/tests/tests_settings_views.py" line="373" time="0.438" /><testcase classname="myapp.tests.tests_address_book.AddressBookTests" name="test_create_contact_with_blank_email" file="myapp/tests/tests_address_book.py" line="407" time="0.173" /><testcase classname="myapp.tests.tests_address_book.AddressBookTests" name="test_create_contact_with_uid" file="myapp/tests/tests_address_book.py" line="346" time="0.185" /><testcase classname="myapp.tests.tests_settings_views.SettingsViewsTests" name="test_get_or_create_orders_settings_views" file="myapp/tests/tests_settings_views.py" line="608" time="0.387" /><testcase classname="myapp.tests.tests_address_book.AddressBookTests" name="test_create_contact_without_email" file="myapp/tests/tests_address_book.py" line="380" time="0.172" /><testcase classname="myapp.tests.tests_address_book.AddressBookTests" name="test_create_first_shipper_address_after_company_creation_should_fill_invoicing_address" file="myapp/tests/tests_address_book.py" line="1132" time="0.287" /><testcase classname="myapp.tests.tests_settings_views.SettingsViewsTests" name="test_get_or_create_pool_settings_views" file="myapp/tests/tests_settings_views.py" line="455" time="0.401" /><testcase classname="myapp.tests.tests_address_book.AddressBookTests" name="test_create_update_contact_with_jobs_v4" file="myapp/tests/tests_address_book.py" line="244" time="0.247" /><testcase classname="myapp.tests.tests_address_book.AddressBookTests" name="test_add_shipper_address_on_company_without_primary_address_visible_by_two_companies_should_set_invoicing_address_on_only_one_company_view" file="myapp/tests/tests_address_book.py" line="1221" time="0.288" /><testcase classname="myapp.tests.tests_address_book.AddressBookTests" name="test_delete_invited_contact" file="myapp/tests/tests_address_book.py" line="992" time="0.184" /><testcase classname="myapp.tests.tests_group_view.GroupViewGetTransportTest" name="test_get_transport_at_group_level" file="myapp/tests/tests_group_view.py" line="28" time="1.929" /><testcase classname="myapp.tests.tests_settings_views.SettingsViewsTests" name="test_get_or_create_scheduler_settings_views" file="myapp/tests/tests_settings_views.py" line="417" time="0.412" /><testcase classname="myapp.tests.tests_address_book.AddressBookTests" name="test_address_with_deleted_company" file="myapp/tests/tests_address_book.py" line="618" time="0.430" /><testcase classname="myapp.tests.tests_address_book.AddressBookTests" name="test_delete_invited_contact_several_companies" file="myapp/tests/tests_address_book.py" line="1019" time="0.248" /><testcase classname="myapp.tests.tests_address_book.AddressBookTests" name="test_delete_invited_contact_with_capital_letters_email" file="myapp/tests/tests_address_book.py" line="1086" time="0.713" /><testcase classname="myapp.tests.tests_settings_views.SettingsViewsTests" name="test_get_or_create_transports_and_orders_settings_views" file="myapp/tests/tests_settings_views.py" line="625" time="0.413" /><testcase classname="myapp.tests.tests_address_book.AddressBookTests" name="test_can_update_subscribed_company_view_data_as_a_subscribed_company_0_v4" file="myapp/tests/tests_address_book.py" line="715" time="0.178" /><testcase classname="myapp.tests.tests_address_book.AddressBookTests" name="test_can_update_subscribed_company_view_data_as_a_subscribed_company_1_web" file="myapp/tests/tests_address_book.py" line="715" time="0.245" /><testcase classname="myapp.tests.tests_settings_views.SettingsViewsTests" name="test_get_or_create_transports_settings_views" file="myapp/tests/tests_settings_views.py" line="590" time="0.401" /><testcase classname="myapp.tests.tests_address_book.AddressBookTests" name="test_cannot_update_invited_company_primary_address_as_an_invited_company" file="myapp/tests/tests_address_book.py" line="742" time="0.255" /><testcase classname="myapp.tests.tests_address_book.AddressBookTests" name="test_first_address_as_carrier_and_origin_after_company_creation_fills_primary_address_and_not_invoicing_address" file="myapp/tests/tests_address_book.py" line="117" time="0.215" /><testcase classname="myapp.tests.tests_address_book.AddressBookTests" name="test_cannot_update_own_primary_address_as_an_invited_company" file="myapp/tests/tests_address_book.py" line="774" time="0.194" /><testcase classname="myapp.tests.tests_settings_views.SettingsViewsTests" name="test_get_pool_settings_views" file="myapp/tests/tests_settings_views.py" line="437" time="0.422" /><testcase classname="myapp.tests.tests_address_book.AddressBookTests" name="test_list_db_queries" file="myapp/tests/tests_address_book.py" line="1114" time="0.567" /><testcase classname="myapp.tests.tests_address_book.AddressBookTests" name="test_cannot_update_subscribed_company_primary_address_as_a_subscribed_company" file="myapp/tests/tests_address_book.py" line="690" time="0.180" /><testcase classname="myapp.tests.tests_address_book.AddressBookTests" name="test_cannot_update_subscribed_company_trade_number" file="myapp/tests/tests_address_book.py" line="951" time="0.173" /><testcase classname="myapp.tests.tests_settings_views.SettingsViewsTests" name="test_get_scheduler_settings_views" file="myapp/tests/tests_settings_views.py" line="397" time="0.390" /></testsuite></testsuites>